
Feb 03, 2022 23:08:16.361 NEW SESSION
Feb 03, 2022 23:08:16.361 [26884:21488:0203/230816.356:ERROR:chrome_browser_main_extra_parts_metrics.cc(227)] START: ReportBluetoothAvailability(). If you don't see the END: message, this is crbug.com/1216328.
Feb 03, 2022 23:08:16.362 [26884:21488:0203/230816.356:ERROR:chrome_browser_main_extra_parts_metrics.cc(230)] END: ReportBluetoothAvailability()
Feb 03, 2022 23:08:16.362 [26884:21488:0203/230816.356:ERROR:chrome_browser_main_extra_parts_metrics.cc(235)] START: GetDefaultBrowser(). If you don't see the END: message, this is crbug.com/1216328.
Feb 03, 2022 23:08:16.363 [26884:21488:0203/230816.358:ERROR:chrome_browser_main_extra_parts_metrics.cc(239)] END: GetDefaultBrowser()
Feb 03, 2022 23:08:16.369 [26884:21276:0203/230816.369:ERROR:device_event_log_impl.cc(214)] [23:08:16.369] USB: usb_device_handle_win.cc:1050 Failed to read descriptor from node connection: A device attached to the system is not functioning. (0x1F)
Feb 03, 2022 23:08:16.370 [26884:21276:0203/230816.369:ERROR:device_event_log_impl.cc(214)] [23:08:16.369] USB: usb_device_handle_win.cc:1050 Failed to read descriptor from node connection: A device attached to the system is not functioning. (0x1F)

Mar 02, 2022 21:33:34.731 NEW SESSION
Mar 02, 2022 21:33:34.731 [38088:3732:0302/213334.722:ERROR:chrome_browser_main_extra_parts_metrics.cc(227)] START: ReportBluetoothAvailability(). If you don't see the END: message, this is crbug.com/1216328.
Mar 02, 2022 21:33:34.733 [38088:3732:0302/213334.722:ERROR:chrome_browser_main_extra_parts_metrics.cc(230)] END: ReportBluetoothAvailability()
Mar 02, 2022 21:33:34.733 [38088:3732:0302/213334.723:ERROR:chrome_browser_main_extra_parts_metrics.cc(235)] START: GetDefaultBrowser(). If you don't see the END: message, this is crbug.com/1216328.
Mar 02, 2022 21:33:34.734 [38088:3732:0302/213334.731:ERROR:chrome_browser_main_extra_parts_metrics.cc(239)] END: GetDefaultBrowser()
Mar 02, 2022 21:33:34.739 [38088:23860:0302/213334.738:ERROR:device_event_log_impl.cc(214)] [21:33:34.738] USB: usb_device_handle_win.cc:1049 Failed to read descriptor from node connection: A device attached to the system is not functioning. (0x1F)
Mar 02, 2022 21:33:34.740 [38088:23860:0302/213334.738:ERROR:device_event_log_impl.cc(214)] [21:33:34.738] USB: usb_device_handle_win.cc:1049 Failed to read descriptor from node connection: A device attached to the system is not functioning. (0x1F)
Mar 02, 2022 22:21:11.18 [38088:23860:0302/222111.018:ERROR:interface_endpoint_client.cc(658)] Message 0 rejected by interface blink.mojom.WidgetHost

Mar 06, 2022 11:57:14.165 NEW SESSION
Mar 06, 2022 11:57:14.166 [15004:18456:0306/115714.163:ERROR:data_pack.cc(126)] Could not open pak file for writing: The process cannot access the file because it is being used by another process. (0x20)
Mar 06, 2022 11:57:17.406 [15004:34408:0306/115717.405:ERROR:device_event_log_impl.cc(214)] [11:57:17.405] USB: usb_device_handle_win.cc:1049 Failed to read descriptor from node connection: A device attached to the system is not functioning. (0x1F)
Mar 06, 2022 11:57:17.407 [15004:34408:0306/115717.405:ERROR:device_event_log_impl.cc(214)] [11:57:17.405] USB: usb_device_handle_win.cc:1049 Failed to read descriptor from node connection: A device attached to the system is not functioning. (0x1F)
Mar 06, 2022 12:14:42.73 [15004:34388:0306/121442.072:ERROR:connection_factory_impl.cc(425)] Failed to connect to MCS endpoint with error -106

Mar 10, 2022 08:54:48.81 NEW SESSION
Mar 10, 2022 08:54:48.81 [38468:11164:0310/085448.078:ERROR:data_pack.cc(126)] Could not open pak file for writing: The process cannot access the file because it is being used by another process. (0x20)
Mar 10, 2022 08:54:50.940 [38468:45924:0310/085450.940:ERROR:device_event_log_impl.cc(214)] [08:54:50.940] USB: usb_device_handle_win.cc:1049 Failed to read descriptor from node connection: A device attached to the system is not functioning. (0x1F)
Mar 10, 2022 08:54:50.941 [38468:45924:0310/085450.940:ERROR:device_event_log_impl.cc(214)] [08:54:50.940] USB: usb_device_handle_win.cc:1049 Failed to read descriptor from node connection: A device attached to the system is not functioning. (0x1F)
Mar 10, 2022 08:54:50.999 [38468:10484:0310/085450.998:ERROR:connection_factory_impl.cc(425)] Failed to connect to MCS endpoint with error -106

Apr 11, 2022 10:04:06.272 NEW SESSION
Apr 11, 2022 10:04:06.272 [34992:45584:0411/100406.264:ERROR:device_event_log_impl.cc(214)] [10:04:06.264] USB: usb_device_handle_win.cc:1049 Failed to read descriptor from node connection: A device attached to the system is not functioning. (0x1F)
Apr 11, 2022 10:04:06.272 [34992:45584:0411/100406.264:ERROR:device_event_log_impl.cc(214)] [10:04:06.266] USB: usb_device_handle_win.cc:1049 Failed to read descriptor from node connection: A device attached to the system is not functioning. (0x1F)
Apr 11, 2022 10:04:06.272 [34992:45584:0411/100406.264:ERROR:device_event_log_impl.cc(214)] [10:04:06.266] USB: usb_device_handle_win.cc:1049 Failed to read descriptor from node connection: A device attached to the system is not functioning. (0x1F)
Apr 11, 2022 10:04:06.336 [34992:39068:0411/100406.336:ERROR:connection_factory_impl.cc(425)] Failed to connect to MCS endpoint with error -106
Apr 11, 2022 10:04:26.877 [34992:39068:0411/100426.877:ERROR:connection_factory_impl.cc(425)] Failed to connect to MCS endpoint with error -106
Apr 11, 2022 10:04:57.173 [34992:39068:0411/100457.173:ERROR:connection_factory_impl.cc(425)] Failed to connect to MCS endpoint with error -106
Apr 11, 2022 10:05:03.861 [34992:40908:0411/100503.861:ERROR:util.cc(126)] Can't create base directory: C:\Program Files\Google\GoogleUpdater

Apr 12, 2022 22:13:26.553 NEW SESSION
Apr 12, 2022 22:13:26.553 [19604:45008:0412/221326.549:ERROR:device_event_log_impl.cc(214)] [22:13:26.549] USB: usb_device_handle_win.cc:1049 Failed to read descriptor from node connection: A device attached to the system is not functioning. (0x1F)
Apr 12, 2022 22:13:26.555 [19604:45008:0412/221326.551:ERROR:device_event_log_impl.cc(214)] [22:13:26.551] USB: usb_device_handle_win.cc:1049 Failed to read descriptor from node connection: A device attached to the system is not functioning. (0x1F)
Apr 12, 2022 22:13:26.557 [19604:45008:0412/221326.552:ERROR:device_event_log_impl.cc(214)] [22:13:26.552] USB: usb_device_handle_win.cc:1049 Failed to read descriptor from node connection: A device attached to the system is not functioning. (0x1F)
Apr 12, 2022 22:14:23.211 [19604:50996:0412/221423.210:ERROR:util.cc(126)] Can't create base directory: C:\Program Files\Google\GoogleUpdater

Apr 13, 2022 08:35:44.881 NEW SESSION
Apr 13, 2022 08:35:44.881 [18168:19144:0413/083544.876:ERROR:device_event_log_impl.cc(214)] [08:35:44.876] USB: usb_device_handle_win.cc:1049 Failed to read descriptor from node connection: A device attached to the system is not functioning. (0x1F)
Apr 13, 2022 08:35:44.884 [18168:19144:0413/083544.879:ERROR:device_event_log_impl.cc(214)] [08:35:44.878] USB: usb_device_handle_win.cc:1049 Failed to read descriptor from node connection: A device attached to the system is not functioning. (0x1F)
Apr 13, 2022 08:35:44.885 [18168:19144:0413/083544.879:ERROR:device_event_log_impl.cc(214)] [08:35:44.878] USB: usb_device_handle_win.cc:1049 Failed to read descriptor from node connection: A device attached to the system is not functioning. (0x1F)
Apr 13, 2022 08:36:42.560 [18168:25440:0413/083642.559:ERROR:util.cc(126)] Can't create base directory: C:\Program Files\Google\GoogleUpdater
Apr 13, 2022 08:54:37.706 [18168:35180:0413/085437.704:ERROR:database.cc(1782)] Passwords SQLite error: code 2067 errno 0: UNIQUE constraint failed: logins.origin_url, logins.username_element, logins.username_value, logins.password_element, logins.signon_realm sql: INSERT INTO logins (origin_url, action_url, username_element, username_value, password_element, password_value, submit_element, signon_realm, date_created, blacklisted_by_user, scheme, password_type, times_used, form_data, display_name, icon_url, federation_url, skip_zero_click, generation_upload_status, possible_username_pairs, id, date_last_used, moving_blocked_for, date_password_modified) VALUES (?,?,?,?,?,?,?,?,?,?,?,?,?,?,?,?,?,?,?,?,?,?,?,?)
Apr 13, 2022 08:55:58.489 [18168:35808:0413/085558.487:ERROR:database.cc(1782)] Passwords SQLite error: code 2067 errno 0: UNIQUE constraint failed: logins.origin_url, logins.username_element, logins.username_value, logins.password_element, logins.signon_realm sql: INSERT INTO logins (origin_url, action_url, username_element, username_value, password_element, password_value, submit_element, signon_realm, date_created, blacklisted_by_user, scheme, password_type, times_used, form_data, display_name, icon_url, federation_url, skip_zero_click, generation_upload_status, possible_username_pairs, id, date_last_used, moving_blocked_for, date_password_modified) VALUES (?,?,?,?,?,?,?,?,?,?,?,?,?,?,?,?,?,?,?,?,?,?,?,?)
Apr 13, 2022 08:57:07.280 [18168:35808:0413/085707.279:ERROR:database.cc(1782)] Passwords SQLite error: code 2067 errno 0: UNIQUE constraint failed: logins.origin_url, logins.username_element, logins.username_value, logins.password_element, logins.signon_realm sql: INSERT INTO logins (origin_url, action_url, username_element, username_value, password_element, password_value, submit_element, signon_realm, date_created, blacklisted_by_user, scheme, password_type, times_used, form_data, display_name, icon_url, federation_url, skip_zero_click, generation_upload_status, possible_username_pairs, id, date_last_used, moving_blocked_for, date_password_modified) VALUES (?,?,?,?,?,?,?,?,?,?,?,?,?,?,?,?,?,?,?,?,?,?,?,?)
Apr 13, 2022 08:58:32.576 [18168:35808:0413/085832.575:ERROR:database.cc(1782)] Passwords SQLite error: code 2067 errno 0: UNIQUE constraint failed: logins.origin_url, logins.username_element, logins.username_value, logins.password_element, logins.signon_realm sql: INSERT INTO logins (origin_url, action_url, username_element, username_value, password_element, password_value, submit_element, signon_realm, date_created, blacklisted_by_user, scheme, password_type, times_used, form_data, display_name, icon_url, federation_url, skip_zero_click, generation_upload_status, possible_username_pairs, id, date_last_used, moving_blocked_for, date_password_modified) VALUES (?,?,?,?,?,?,?,?,?,?,?,?,?,?,?,?,?,?,?,?,?,?,?,?)
Apr 13, 2022 08:59:16.162 [18168:20740:0413/085916.160:ERROR:database.cc(1782)] Passwords SQLite error: code 2067 errno 0: UNIQUE constraint failed: logins.origin_url, logins.username_element, logins.username_value, logins.password_element, logins.signon_realm sql: INSERT INTO logins (origin_url, action_url, username_element, username_value, password_element, password_value, submit_element, signon_realm, date_created, blacklisted_by_user, scheme, password_type, times_used, form_data, display_name, icon_url, federation_url, skip_zero_click, generation_upload_status, possible_username_pairs, id, date_last_used, moving_blocked_for, date_password_modified) VALUES (?,?,?,?,?,?,?,?,?,?,?,?,?,?,?,?,?,?,?,?,?,?,?,?)
Apr 13, 2022 09:14:48.604 [18168:19144:0413/091448.603:ERROR:interface_endpoint_client.cc(659)] Message 1 rejected by interface blink.mojom.WidgetHost
Apr 13, 2022 09:15:07.151 [18168:19144:0413/091507.151:ERROR:device_event_log_impl.cc(214)] [09:15:07.150] USB: usb_service_win.cc:260 Failed to get device driver name: Element not found. (0x490)
Apr 13, 2022 10:59:01.694 [12140:42008:0413/105901.692:ERROR:device_event_log_impl.cc(214)] [10:59:01.693] USB: usb_device_handle_win.cc:1049 Failed to read descriptor from node connection: A device attached to the system is not functioning. (0x1F)
Apr 13, 2022 10:59:01.697 [12140:42008:0413/105901.695:ERROR:device_event_log_impl.cc(214)] [10:59:01.695] USB: usb_device_handle_win.cc:1049 Failed to read descriptor from node connection: A device attached to the system is not functioning. (0x1F)
Apr 13, 2022 10:59:01.697 [12140:42008:0413/105901.695:ERROR:device_event_log_impl.cc(214)] [10:59:01.695] USB: usb_device_handle_win.cc:1049 Failed to read descriptor from node connection: A device attached to the system is not functioning. (0x1F)
Apr 13, 2022 10:59:37.58 [12140:6840:0413/105937.057:ERROR:database.cc(1782)] Passwords SQLite error: code 2067 errno 0: UNIQUE constraint failed: logins.origin_url, logins.username_element, logins.username_value, logins.password_element, logins.signon_realm sql: INSERT INTO logins (origin_url, action_url, username_element, username_value, password_element, password_value, submit_element, signon_realm, date_created, blacklisted_by_user, scheme, password_type, times_used, form_data, display_name, icon_url, federation_url, skip_zero_click, generation_upload_status, possible_username_pairs, id, date_last_used, moving_blocked_for, date_password_modified) VALUES (?,?,?,?,?,?,?,?,?,?,?,?,?,?,?,?,?,?,?,?,?,?,?,?)
Apr 13, 2022 10:59:59.459 [12140:47032:0413/105959.458:ERROR:util.cc(126)] Can't create base directory: C:\Program Files\Google\GoogleUpdater
Apr 13, 2022 11:30:27.451 [12140:42008:0413/113027.450:ERROR:device_event_log_impl.cc(214)] [11:30:27.449] USB: usb_service_win.cc:260 Failed to get device driver name: Element not found. (0x490)
Apr 13, 2022 12:12:39.567 [12140:20328:0413/121239.565:ERROR:database.cc(1782)] Passwords SQLite error: code 2067 errno 0: UNIQUE constraint failed: logins.origin_url, logins.username_element, logins.username_value, logins.password_element, logins.signon_realm sql: INSERT INTO logins (origin_url, action_url, username_element, username_value, password_element, password_value, submit_element, signon_realm, date_created, blacklisted_by_user, scheme, password_type, times_used, form_data, display_name, icon_url, federation_url, skip_zero_click, generation_upload_status, possible_username_pairs, id, date_last_used, moving_blocked_for, date_password_modified) VALUES (?,?,?,?,?,?,?,?,?,?,?,?,?,?,?,?,?,?,?,?,?,?,?,?)
Apr 13, 2022 12:14:23.87 [12140:51992:0413/121423.084:ERROR:database.cc(1782)] Passwords SQLite error: code 2067 errno 0: UNIQUE constraint failed: logins.origin_url, logins.username_element, logins.username_value, logins.password_element, logins.signon_realm sql: INSERT INTO logins (origin_url, action_url, username_element, username_value, password_element, password_value, submit_element, signon_realm, date_created, blacklisted_by_user, scheme, password_type, times_used, form_data, display_name, icon_url, federation_url, skip_zero_click, generation_upload_status, possible_username_pairs, id, date_last_used, moving_blocked_for, date_password_modified) VALUES (?,?,?,?,?,?,?,?,?,?,?,?,?,?,?,?,?,?,?,?,?,?,?,?)
